<?xml version="1.0" encoding="UTF-8" ?>
<testsuite tests="21" failures="2" name="pl.soflab.AutomationTestExercise.RunnerTest" time="0.044" errors="4" skipped="4">
  <properties>
[...]
</properties>
  <testcase classname="Scenario: Check Item Price" name="Given I am on the main page" time="0.003"/>
  <testcase classname="Scenario: Check Item Price" name="When I pick blouse category and pick the item" time="0.001"/>
  <testcase classname="Scenario: Check Item Price" name="And I choose quantity and size of the item" time="0"/>
  <testcase classname="Scenario: Check Item Price" name="And I add the item to cart" time="0"/>
  <testcase classname="Scenario: Check Item Price" name="Then I check if Total price with shipping is correct" time="0.013">
    <failure message="Sum of the product price + shipping is not correct." type="java.lang.AssertionError">java.lang.AssertionError: Sum of the product price + shipping is not correct.
	at org.junit.Assert.fail(Assert.java:88)
	at org.junit.Assert.assertTrue(Assert.java:41)
	at pl.soflab.PageObjects.ProductPage.checkIfTheTotalPriceIsCorrect(ProductPage.java:20)
	at stepDefinition.Steps.shouldCheckIfTheTotalPriceIsCorrect(Steps.java:143)
	at ✽.Then I check if Total price with shipping is correct(checkItemPriceFeature.feature:10)
</failure>
  </testcase>
  <testcase classname="Scenario: Check Item Price" name="Scenario: Check Item Price" time="0.014">
    <failure message="Sum of the product price + shipping is not correct." type="java.lang.AssertionError">java.lang.AssertionError: Sum of the product price + shipping is not correct.
	at org.junit.Assert.fail(Assert.java:88)
	at org.junit.Assert.assertTrue(Assert.java:41)
	at pl.soflab.PageObjects.ProductPage.checkIfTheTotalPriceIsCorrect(ProductPage.java:20)
	at stepDefinition.Steps.shouldCheckIfTheTotalPriceIsCorrect(Steps.java:143)
	at ✽.Then I check if Total price with shipping is correct(checkItemPriceFeature.feature:10)
</failure>
  </testcase>
  <testcase classname="Scenario: Log in scenario" name="Given I am on the main page" time="0"/>
  <testcase classname="Scenario: Log in scenario" name="And I click on the log in button" time="0"/>
  <testcase classname="Scenario: Log in scenario" name="When I put email and password" time="0"/>
  <testcase classname="Scenario: Log in scenario" name="And I click signIn button" time="0.003">
    <error message="no such element: Unable to locate element: {&quot;method&quot;:&quot;xpath&quot;,&quot;selector&quot;:&quot;//*[@id=&apos;center_column&apos;]/div[1]/ol/li&quot;}
  (Session info: chrome=72.0.3626.121)
  (Driver info: chromedriver=2.38.552518 (183d19265345f54ce39cbb94cf81ba5f15905011),platform=Mac OS X 10.14.3 x86_64) (WARNING: The server did not provide any stacktrace information)
Command duration or timeout: 0 milliseconds
For documentation on this error, please visit: http://seleniumhq.org/exceptions/no_such_element.html
Build info: version: &apos;3.14.0&apos;, revision: &apos;aacccce0&apos;, time: &apos;2018-08-02T20:19:58.91Z&apos;
System info: host: &apos;MacBook-Air.local&apos;, ip: &apos;fe80:0:0:0:185f:b45f:88c1:60da%en0&apos;, os.name: &apos;Mac OS X&apos;, os.arch: &apos;x86_64&apos;, os.version: &apos;10.14.3&apos;, java.version: &apos;1.8.0_144&apos;
Driver info: org.openqa.selenium.chrome.ChromeDriver
Capabilities {acceptInsecureCerts: false, acceptSslCerts: false, applicationCacheEnabled: false, browserConnectionEnabled: false, browserName: chrome, chrome: {chromedriverVersion: 2.38.552518 (183d19265345f5..., userDataDir: /var/folders/q3/_jhztgtj717...}, cssSelectorsEnabled: true, databaseEnabled: false, handlesAlerts: true, hasTouchScreen: false, javascriptEnabled: true, locationContextEnabled: true, mobileEmulationEnabled: false, nativeEvents: true, networkConnectionEnabled: false, pageLoadStrategy: normal, platform: MAC, platformName: MAC, rotatable: false, setWindowRect: true, takesHeapSnapshot: true, takesScreenshot: true, unexpectedAlertBehaviour: , unhandledPromptBehavior: , version: 72.0.3626.121, webStorageEnabled: true}
Session ID: 0bb69879e3463c73aa5cead169135562
*** Element info: {Using=xpath, value=//*[@id=&apos;center_column&apos;]/div[1]/ol/li}" type="org.openqa.selenium.NoSuchElementException">org.openqa.selenium.NoSuchElementException: no such element: Unable to locate element: {&quot;method&quot;:&quot;xpath&quot;,&quot;selector&quot;:&quot;//*[@id=&apos;center_column&apos;]/div[1]/ol/li&quot;}
  (Session info: chrome=72.0.3626.121)
  (Driver info: chromedriver=2.38.552518 (183d19265345f54ce39cbb94cf81ba5f15905011),platform=Mac OS X 10.14.3 x86_64) (WARNING: The server did not provide any stacktrace information)
Command duration or timeout: 0 milliseconds
For documentation on this error, please visit: http://seleniumhq.org/exceptions/no_such_element.html
Build info: version: &apos;3.14.0&apos;, revision: &apos;aacccce0&apos;, time: &apos;2018-08-02T20:19:58.91Z&apos;
System info: host: &apos;MacBook-Air.local&apos;, ip: &apos;fe80:0:0:0:185f:b45f:88c1:60da%en0&apos;, os.name: &apos;Mac OS X&apos;, os.arch: &apos;x86_64&apos;, os.version: &apos;10.14.3&apos;, java.version: &apos;1.8.0_144&apos;
Driver info: org.openqa.selenium.chrome.ChromeDriver
Capabilities {acceptInsecureCerts: false, acceptSslCerts: false, applicationCacheEnabled: false, browserConnectionEnabled: false, browserName: chrome, chrome: {chromedriverVersion: 2.38.552518 (183d19265345f5..., userDataDir: /var/folders/q3/_jhztgtj717...}, cssSelectorsEnabled: true, databaseEnabled: false, handlesAlerts: true, hasTouchScreen: false, javascriptEnabled: true, locationContextEnabled: true, mobileEmulationEnabled: false, nativeEvents: true, networkConnectionEnabled: false, pageLoadStrategy: normal, platform: MAC, platformName: MAC, rotatable: false, setWindowRect: true, takesHeapSnapshot: true, takesScreenshot: true, unexpectedAlertBehaviour: , unhandledPromptBehavior: , version: 72.0.3626.121, webStorageEnabled: true}
Session ID: 0bb69879e3463c73aa5cead169135562
*** Element info: {Using=xpath, value=//*[@id=&apos;center_column&apos;]/div[1]/ol/li}
	at sun.reflect.NativeConstructorAccessorImpl.newInstance0(Native Method)
	at sun.reflect.NativeConstructorAccessorImpl.newInstance(NativeConstructorAccessorImpl.java:62)
	at sun.reflect.DelegatingConstructorAccessorImpl.newInstance(DelegatingConstructorAccessorImpl.java:45)
	at java.lang.reflect.Constructor.newInstance(Constructor.java:423)
	at org.openqa.selenium.remote.ErrorHandler.createThrowable(ErrorHandler.java:214)
	at org.openqa.selenium.remote.ErrorHandler.throwIfResponseFailed(ErrorHandler.java:166)
	at org.openqa.selenium.remote.http.JsonHttpResponseCodec.reconstructValue(JsonHttpResponseCodec.java:40)
	at org.openqa.selenium.remote.http.AbstractHttpResponseCodec.decode(AbstractHttpResponseCodec.java:80)
	at org.openqa.selenium.remote.http.AbstractHttpResponseCodec.decode(AbstractHttpResponseCodec.java:44)
	at org.openqa.selenium.remote.HttpCommandExecutor.execute(HttpCommandExecutor.java:158)
	at org.openqa.selenium.remote.service.DriverCommandExecutor.execute(DriverCommandExecutor.java:83)
	at org.openqa.selenium.remote.RemoteWebDriver.execute(RemoteWebDriver.java:548)
	at org.openqa.selenium.remote.RemoteWebDriver.findElement(RemoteWebDriver.java:322)
	at org.openqa.selenium.remote.RemoteWebDriver.findElementByXPath(RemoteWebDriver.java:424)
	at org.openqa.selenium.By$ByXPath.findElement(By.java:353)
	at org.openqa.selenium.remote.RemoteWebDriver.findElement(RemoteWebDriver.java:314)
	at pl.soflab.PageObjects.LogInPage.clickSignInButton(LogInPage.java:61)
	at stepDefinition.Steps.shouldClickSignInButton(Steps.java:110)
	at ✽.And I click signIn button(logInFeature.feature:12)
</error>
  </testcase>
  <testcase classname="Scenario: Log in scenario" name="Scenario: Log in scenario" time="0.005">
    <error message="no such element: Unable to locate element: {&quot;method&quot;:&quot;xpath&quot;,&quot;selector&quot;:&quot;//*[@id=&apos;center_column&apos;]/div[1]/ol/li&quot;}
  (Session info: chrome=72.0.3626.121)
  (Driver info: chromedriver=2.38.552518 (183d19265345f54ce39cbb94cf81ba5f15905011),platform=Mac OS X 10.14.3 x86_64) (WARNING: The server did not provide any stacktrace information)
Command duration or timeout: 0 milliseconds
For documentation on this error, please visit: http://seleniumhq.org/exceptions/no_such_element.html
Build info: version: &apos;3.14.0&apos;, revision: &apos;aacccce0&apos;, time: &apos;2018-08-02T20:19:58.91Z&apos;
System info: host: &apos;MacBook-Air.local&apos;, ip: &apos;fe80:0:0:0:185f:b45f:88c1:60da%en0&apos;, os.name: &apos;Mac OS X&apos;, os.arch: &apos;x86_64&apos;, os.version: &apos;10.14.3&apos;, java.version: &apos;1.8.0_144&apos;
Driver info: org.openqa.selenium.chrome.ChromeDriver
Capabilities {acceptInsecureCerts: false, acceptSslCerts: false, applicationCacheEnabled: false, browserConnectionEnabled: false, browserName: chrome, chrome: {chromedriverVersion: 2.38.552518 (183d19265345f5..., userDataDir: /var/folders/q3/_jhztgtj717...}, cssSelectorsEnabled: true, databaseEnabled: false, handlesAlerts: true, hasTouchScreen: false, javascriptEnabled: true, locationContextEnabled: true, mobileEmulationEnabled: false, nativeEvents: true, networkConnectionEnabled: false, pageLoadStrategy: normal, platform: MAC, platformName: MAC, rotatable: false, setWindowRect: true, takesHeapSnapshot: true, takesScreenshot: true, unexpectedAlertBehaviour: , unhandledPromptBehavior: , version: 72.0.3626.121, webStorageEnabled: true}
Session ID: 0bb69879e3463c73aa5cead169135562
*** Element info: {Using=xpath, value=//*[@id=&apos;center_column&apos;]/div[1]/ol/li}" type="org.openqa.selenium.NoSuchElementException">org.openqa.selenium.NoSuchElementException: no such element: Unable to locate element: {&quot;method&quot;:&quot;xpath&quot;,&quot;selector&quot;:&quot;//*[@id=&apos;center_column&apos;]/div[1]/ol/li&quot;}
  (Session info: chrome=72.0.3626.121)
  (Driver info: chromedriver=2.38.552518 (183d19265345f54ce39cbb94cf81ba5f15905011),platform=Mac OS X 10.14.3 x86_64) (WARNING: The server did not provide any stacktrace information)
Command duration or timeout: 0 milliseconds
For documentation on this error, please visit: http://seleniumhq.org/exceptions/no_such_element.html
Build info: version: &apos;3.14.0&apos;, revision: &apos;aacccce0&apos;, time: &apos;2018-08-02T20:19:58.91Z&apos;
System info: host: &apos;MacBook-Air.local&apos;, ip: &apos;fe80:0:0:0:185f:b45f:88c1:60da%en0&apos;, os.name: &apos;Mac OS X&apos;, os.arch: &apos;x86_64&apos;, os.version: &apos;10.14.3&apos;, java.version: &apos;1.8.0_144&apos;
Driver info: org.openqa.selenium.chrome.ChromeDriver
Capabilities {acceptInsecureCerts: false, acceptSslCerts: false, applicationCacheEnabled: false, browserConnectionEnabled: false, browserName: chrome, chrome: {chromedriverVersion: 2.38.552518 (183d19265345f5..., userDataDir: /var/folders/q3/_jhztgtj717...}, cssSelectorsEnabled: true, databaseEnabled: false, handlesAlerts: true, hasTouchScreen: false, javascriptEnabled: true, locationContextEnabled: true, mobileEmulationEnabled: false, nativeEvents: true, networkConnectionEnabled: false, pageLoadStrategy: normal, platform: MAC, platformName: MAC, rotatable: false, setWindowRect: true, takesHeapSnapshot: true, takesScreenshot: true, unexpectedAlertBehaviour: , unhandledPromptBehavior: , version: 72.0.3626.121, webStorageEnabled: true}
Session ID: 0bb69879e3463c73aa5cead169135562
*** Element info: {Using=xpath, value=//*[@id=&apos;center_column&apos;]/div[1]/ol/li}
	at sun.reflect.NativeConstructorAccessorImpl.newInstance0(Native Method)
	at sun.reflect.NativeConstructorAccessorImpl.newInstance(NativeConstructorAccessorImpl.java:62)
	at sun.reflect.DelegatingConstructorAccessorImpl.newInstance(DelegatingConstructorAccessorImpl.java:45)
	at java.lang.reflect.Constructor.newInstance(Constructor.java:423)
	at org.openqa.selenium.remote.ErrorHandler.createThrowable(ErrorHandler.java:214)
	at org.openqa.selenium.remote.ErrorHandler.throwIfResponseFailed(ErrorHandler.java:166)
	at org.openqa.selenium.remote.http.JsonHttpResponseCodec.reconstructValue(JsonHttpResponseCodec.java:40)
	at org.openqa.selenium.remote.http.AbstractHttpResponseCodec.decode(AbstractHttpResponseCodec.java:80)
	at org.openqa.selenium.remote.http.AbstractHttpResponseCodec.decode(AbstractHttpResponseCodec.java:44)
	at org.openqa.selenium.remote.HttpCommandExecutor.execute(HttpCommandExecutor.java:158)
	at org.openqa.selenium.remote.service.DriverCommandExecutor.execute(DriverCommandExecutor.java:83)
	at org.openqa.selenium.remote.RemoteWebDriver.execute(RemoteWebDriver.java:548)
	at org.openqa.selenium.remote.RemoteWebDriver.findElement(RemoteWebDriver.java:322)
	at org.openqa.selenium.remote.RemoteWebDriver.findElementByXPath(RemoteWebDriver.java:424)
	at org.openqa.selenium.By$ByXPath.findElement(By.java:353)
	at org.openqa.selenium.remote.RemoteWebDriver.findElement(RemoteWebDriver.java:314)
	at pl.soflab.PageObjects.LogInPage.clickSignInButton(LogInPage.java:61)
	at stepDefinition.Steps.shouldClickSignInButton(Steps.java:110)
	at ✽.And I click signIn button(logInFeature.feature:12)
</error>
  </testcase>
  <testcase classname="Scenario: Log in scenario" name="Then I should be on my account page" time="0.005">
    <skipped/>
  </testcase>
  <testcase classname="Scenario: Sign in scenario" name="Given I am on the main page" time="0"/>
  <testcase classname="Scenario: Sign in scenario" name="And I click on the log in button" time="0"/>
  <testcase classname="Scenario: Sign in scenario" name="When I fill email address" time="0"/>
  <testcase classname="Scenario: Sign in scenario" name="And I click create an account button" time="0"/>
  <testcase classname="Scenario: Sign in scenario" name="And I submit the form with valid data" time="0">
    <error type="java.lang.NullPointerException">java.lang.NullPointerException
	at pl.soflab.PageObjects.CreateAnAccountPage.fillInCreateAccountForm(CreateAnAccountPage.java:59)
	at stepDefinition.Steps.shouldSubmitTheFormWithValidData(Steps.java:85)
	at ✽.And I submit the form with valid data(signInFeature.feature:12)
</error>
    <system-err>[1552512766.716][SEVERE]: Unable to receive message from renderer
</system-err>
  </testcase>
  <testcase classname="Scenario: Sign in scenario" name="Scenario: Sign in scenario" time="0">
    <error type="java.lang.NullPointerException">java.lang.NullPointerException
	at pl.soflab.PageObjects.CreateAnAccountPage.fillInCreateAccountForm(CreateAnAccountPage.java:59)
	at stepDefinition.Steps.shouldSubmitTheFormWithValidData(Steps.java:85)
	at ✽.And I submit the form with valid data(signInFeature.feature:12)
</error>
  </testcase>
  <testcase classname="Scenario: Sign in scenario" name="And I set alias" time="0">
    <skipped/>
  </testcase>
  <testcase classname="Scenario: Sign in scenario" name="And I submit new account" time="0">
    <skipped/>
  </testcase>
  <testcase classname="Scenario: Sign in scenario" name="Then I should be on my account page" time="0">
    <skipped/>
  </testcase>
</testsuite>